<?xml version="1.0" encoding="UTF-8"?>
<!-- Generated by org.testng.reporters.JUnitXMLReporter -->
<testsuite hostname="MyComputer" ignored="2" name="Test" tests="5" failures="2" timestamp="30 Apr 2020 03:43:01 GMT" time="24.501" errors="0">
  <testcase name="setup" time="0.09" classname="com.qa.amazon.testcase.LoginPageTest"/>
  <testcase name="logintoHome" time="22.296" classname="com.qa.amazon.testcase.LoginPageTest"/>
  <testcase name="mobileserach" time="0.064" classname="com.qa.amazon.testcase.HomePageTest">
    <failure type="org.openqa.selenium.NoSuchElementException" message="Unable to locate element: #twotabsearchtextbox
For documentation on this error, please visit: http://seleniumhq.org/exceptions/no_such_element.html
Build info: version: &amp;apos;3.14.0&amp;apos;, revision: &amp;apos;aacccce0&amp;apos;, time: &amp;apos;2018-08-02T20:19:58.91Z&amp;apos;
System info: host: &amp;apos;MYCOMPUTER&amp;apos;, ip: &amp;apos;10.0.0.5&amp;apos;, os.name: &amp;apos;Windows 10&amp;apos;, os.arch: &amp;apos;amd64&amp;apos;, os.version: &amp;apos;10.0&amp;apos;, java.version: &amp;apos;1.8.0_191&amp;apos;
Driver info: org.openqa.selenium.firefox.FirefoxDriver
Capabilities {acceptInsecureCerts: true, browserName: firefox, browserVersion: 68.0.1, javascriptEnabled: true, moz:accessibilityChecks: false, moz:buildID: 20190717172542, moz:geckodriverVersion: 0.24.0, moz:headless: false, moz:processID: 20924, moz:profile: C:\Users\Ajit\AppData\Local..., moz:shutdownTimeout: 60000, moz:useNonSpecCompliantPointerOrigin: false, moz:webdriverClick: true, pageLoadStrategy: normal, platform: WINDOWS, platformName: WINDOWS, platformVersion: 10.0, rotatable: false, setWindowRect: true, strictFileInteractability: false, timeouts: {implicit: 0, pageLoad: 300000, script: 30000}, unhandledPromptBehavior: dismiss and notify}
Session ID: 5fa8d11f-cac7-4a0a-b25e-1fcfed600074
*** Element info: {Using=id, value=twotabsearchtextbox}">
      <![CDATA[org.openqa.selenium.NoSuchElementException: Unable to locate element: #twotabsearchtextbox
For documentation on this error, please visit: http://seleniumhq.org/exceptions/no_such_element.html
Build info: version: '3.14.0', revision: 'aacccce0', time: '2018-08-02T20:19:58.91Z'
System info: host: 'MYCOMPUTER', ip: '10.0.0.5', os.name: 'Windows 10', os.arch: 'amd64', os.version: '10.0', java.version: '1.8.0_191'
Driver info: org.openqa.selenium.firefox.FirefoxDriver
Capabilities {acceptInsecureCerts: true, browserName: firefox, browserVersion: 68.0.1, javascriptEnabled: true, moz:accessibilityChecks: false, moz:buildID: 20190717172542, moz:geckodriverVersion: 0.24.0, moz:headless: false, moz:processID: 20924, moz:profile: C:\Users\Ajit\AppData\Local..., moz:shutdownTimeout: 60000, moz:useNonSpecCompliantPointerOrigin: false, moz:webdriverClick: true, pageLoadStrategy: normal, platform: WINDOWS, platformName: WINDOWS, platformVersion: 10.0, rotatable: false, setWindowRect: true, strictFileInteractability: false, timeouts: {implicit: 0, pageLoad: 300000, script: 30000}, unhandledPromptBehavior: dismiss and notify}
Session ID: 5fa8d11f-cac7-4a0a-b25e-1fcfed600074
*** Element info: {Using=id, value=twotabsearchtextbox}
at org.openqa.selenium.remote.http.W3CHttpResponseCodec.createException(W3CHttpResponseCodec.java:187)
at org.openqa.selenium.remote.http.W3CHttpResponseCodec.decode(W3CHttpResponseCodec.java:122)
at org.openqa.selenium.remote.http.W3CHttpResponseCodec.decode(W3CHttpResponseCodec.java:49)
at org.openqa.selenium.remote.HttpCommandExecutor.execute(HttpCommandExecutor.java:158)
at org.openqa.selenium.remote.service.DriverCommandExecutor.execute(DriverCommandExecutor.java:83)
at org.openqa.selenium.remote.RemoteWebDriver.execute(RemoteWebDriver.java:548)
at org.openqa.selenium.remote.RemoteWebDriver.findElement(RemoteWebDriver.java:322)
at org.openqa.selenium.remote.RemoteWebDriver.findElementById(RemoteWebDriver.java:368)
at org.openqa.selenium.By$ById.findElement(By.java:188)
at org.openqa.selenium.remote.RemoteWebDriver.findElement(RemoteWebDriver.java:314)
at org.openqa.selenium.support.pagefactory.DefaultElementLocator.findElement(DefaultElementLocator.java:69)
at org.openqa.selenium.support.pagefactory.internal.LocatingElementHandler.invoke(LocatingElementHandler.java:38)
at com.sun.proxy.$Proxy10.sendKeys(Unknown Source)
at com.qa.amazon.pages.HomePage.mobilesearch(HomePage.java:45)
at com.qa.amazon.testcase.HomePageTest.mobileserach(HomePageTest.java:29)
... Removed 29 stack frames]]>
    </failure>
  </testcase> <!-- mobileserach -->
  <testcase name="verifyTitle" time="0.038" classname="com.qa.amazon.testcase.HomePageTest">
    <failure type="java.lang.AssertionError" message="The following asserts failed:
	expected [Authentication required] but found [gjh]">
      <![CDATA[java.lang.AssertionError: The following asserts failed:
expected [Authentication required] but found [gjh]
at com.qa.amazon.testcase.HomePageTest.verifyTitle(HomePageTest.java:45)
... Removed 26 stack frames]]>
    </failure>
  </testcase> <!-- verifyTitle -->
  <testcase name="getAccessory" time="0.015" classname="com.qa.amazon.testcase.HomePageTest"/>
  <testcase name="@BeforeSuite init" time="0.0" classname="com.qa.amazon.base.AmazonBase">
    <ignored/>
  </testcase> <!-- @BeforeSuite init -->
  <testcase name="@AfterSuite teardown" time="0.0" classname="com.qa.amazon.base.AmazonBase">
    <ignored/>
  </testcase> <!-- @AfterSuite teardown -->
</testsuite> <!-- Test -->
