<?xml version="1.0" encoding="UTF-8"?>
<testng-results skipped="0" failed="2" ignored="2" total="7" passed="3">
  <reporter-output>
  </reporter-output>
  <suite name="Suite" duration-ms="24501" started-at="2020-04-30T03:42:36Z" finished-at="2020-04-30T03:43:01Z">
    <groups>
    </groups>
    <test name="Test" duration-ms="24501" started-at="2020-04-30T03:42:36Z" finished-at="2020-04-30T03:43:01Z">
      <class name="com.qa.amazon.testcase.LoginPageTest">
        <test-method status="PASS" signature="init()[pri:0, instance:com.qa.amazon.testcase.LoginPageTest@3e6fa38a]" name="init" is-config="true" duration-ms="12967" started-at="2020-04-30T03:42:23Z" finished-at="2020-04-30T03:42:36Z">
          <reporter-output>
          </reporter-output>
        </test-method> <!-- init -->
        <test-method status="PASS" signature="setup()[pri:-1, instance:com.qa.amazon.testcase.LoginPageTest@3e6fa38a]" name="setup" duration-ms="90" started-at="2020-04-30T03:42:36Z" finished-at="2020-04-30T03:42:36Z">
          <reporter-output>
          </reporter-output>
        </test-method> <!-- setup -->
        <test-method status="PASS" signature="resultHandler(org.testng.ITestResult)[pri:0, instance:com.qa.amazon.testcase.LoginPageTest@3e6fa38a]" name="resultHandler" is-config="true" duration-ms="791" started-at="2020-04-30T03:42:36Z" finished-at="2020-04-30T03:42:37Z">
          <params>
            <param index="0">
              <value>
                <![CDATA[[TestResult name=setup status=SUCCESS method=LoginPageTest.setup()[pri:-1, instance:com.qa.amazon.testcase.LoginPageTest@3e6fa38a] output={null}]]]>
              </value>
            </param>
          </params>
          <reporter-output>
          </reporter-output>
        </test-method> <!-- resultHandler -->
        <test-method status="PASS" signature="logintoHome()[pri:1, instance:com.qa.amazon.testcase.LoginPageTest@3e6fa38a]" name="logintoHome" duration-ms="22296" started-at="2020-04-30T03:42:37Z" finished-at="2020-04-30T03:42:59Z">
          <reporter-output>
          </reporter-output>
        </test-method> <!-- logintoHome -->
        <test-method status="PASS" signature="resultHandler(org.testng.ITestResult)[pri:0, instance:com.qa.amazon.testcase.LoginPageTest@3e6fa38a]" name="resultHandler" is-config="true" duration-ms="373" started-at="2020-04-30T03:42:59Z" finished-at="2020-04-30T03:43:00Z">
          <params>
            <param index="0">
              <value>
                <![CDATA[[TestResult name=logintoHome status=SUCCESS method=LoginPageTest.logintoHome()[pri:1, instance:com.qa.amazon.testcase.LoginPageTest@3e6fa38a] output={null}]]]>
              </value>
            </param>
          </params>
          <reporter-output>
          </reporter-output>
        </test-method> <!-- resultHandler -->
        <test-method status="PASS" signature="teardown()[pri:0, instance:com.qa.amazon.testcase.LoginPageTest@3e6fa38a]" name="teardown" is-config="true" duration-ms="0" started-at="2020-04-30T03:43:01Z" finished-at="2020-04-30T03:43:01Z">
          <reporter-output>
          </reporter-output>
        </test-method> <!-- teardown -->
      </class> <!-- com.qa.amazon.testcase.LoginPageTest -->
      <class name="com.qa.amazon.testcase.HomePageTest">
        <test-method status="FAIL" signature="mobileserach()[pri:2, instance:com.qa.amazon.testcase.HomePageTest@66a3ffec]" name="mobileserach" duration-ms="64" started-at="2020-04-30T03:43:00Z" finished-at="2020-04-30T03:43:00Z">
          <exception class="org.openqa.selenium.NoSuchElementException">
            <message>
              <![CDATA[Unable to locate element: #twotabsearchtextbox
For documentation on this error, please visit: http://seleniumhq.org/exceptions/no_such_element.html
Build info: version: '3.14.0', revision: 'aacccce0', time: '2018-08-02T20:19:58.91Z'
System info: host: 'MYCOMPUTER', ip: '10.0.0.5', os.name: 'Windows 10', os.arch: 'amd64', os.version: '10.0', java.version: '1.8.0_191'
Driver info: org.openqa.selenium.firefox.FirefoxDriver
Capabilities {acceptInsecureCerts: true, browserName: firefox, browserVersion: 68.0.1, javascriptEnabled: true, moz:accessibilityChecks: false, moz:buildID: 20190717172542, moz:geckodriverVersion: 0.24.0, moz:headless: false, moz:processID: 20924, moz:profile: C:\Users\Ajit\AppData\Local..., moz:shutdownTimeout: 60000, moz:useNonSpecCompliantPointerOrigin: false, moz:webdriverClick: true, pageLoadStrategy: normal, platform: WINDOWS, platformName: WINDOWS, platformVersion: 10.0, rotatable: false, setWindowRect: true, strictFileInteractability: false, timeouts: {implicit: 0, pageLoad: 300000, script: 30000}, unhandledPromptBehavior: dismiss and notify}
Session ID: 5fa8d11f-cac7-4a0a-b25e-1fcfed600074
*** Element info: {Using=id, value=twotabsearchtextbox}]]>
            </message>
            <full-stacktrace>
              <![CDATA[org.openqa.selenium.NoSuchElementException: Unable to locate element: #twotabsearchtextbox
For documentation on this error, please visit: http://seleniumhq.org/exceptions/no_such_element.html
Build info: version: '3.14.0', revision: 'aacccce0', time: '2018-08-02T20:19:58.91Z'
System info: host: 'MYCOMPUTER', ip: '10.0.0.5', os.name: 'Windows 10', os.arch: 'amd64', os.version: '10.0', java.version: '1.8.0_191'
Driver info: org.openqa.selenium.firefox.FirefoxDriver
Capabilities {acceptInsecureCerts: true, browserName: firefox, browserVersion: 68.0.1, javascriptEnabled: true, moz:accessibilityChecks: false, moz:buildID: 20190717172542, moz:geckodriverVersion: 0.24.0, moz:headless: false, moz:processID: 20924, moz:profile: C:\Users\Ajit\AppData\Local..., moz:shutdownTimeout: 60000, moz:useNonSpecCompliantPointerOrigin: false, moz:webdriverClick: true, pageLoadStrategy: normal, platform: WINDOWS, platformName: WINDOWS, platformVersion: 10.0, rotatable: false, setWindowRect: true, strictFileInteractability: false, timeouts: {implicit: 0, pageLoad: 300000, script: 30000}, unhandledPromptBehavior: dismiss and notify}
Session ID: 5fa8d11f-cac7-4a0a-b25e-1fcfed600074
*** Element info: {Using=id, value=twotabsearchtextbox}
at sun.reflect.NativeConstructorAccessorImpl.newInstance0(Native Method)
at sun.reflect.NativeConstructorAccessorImpl.newInstance(NativeConstructorAccessorImpl.java:62)
at sun.reflect.DelegatingConstructorAccessorImpl.newInstance(DelegatingConstructorAccessorImpl.java:45)
at java.lang.reflect.Constructor.newInstance(Constructor.java:423)
at org.openqa.selenium.remote.http.W3CHttpResponseCodec.createException(W3CHttpResponseCodec.java:187)
at org.openqa.selenium.remote.http.W3CHttpResponseCodec.decode(W3CHttpResponseCodec.java:122)
at org.openqa.selenium.remote.http.W3CHttpResponseCodec.decode(W3CHttpResponseCodec.java:49)
at org.openqa.selenium.remote.HttpCommandExecutor.execute(HttpCommandExecutor.java:158)
at org.openqa.selenium.remote.service.DriverCommandExecutor.execute(DriverCommandExecutor.java:83)
at org.openqa.selenium.remote.RemoteWebDriver.execute(RemoteWebDriver.java:548)
at org.openqa.selenium.remote.RemoteWebDriver.findElement(RemoteWebDriver.java:322)
at org.openqa.selenium.remote.RemoteWebDriver.findElementById(RemoteWebDriver.java:368)
at org.openqa.selenium.By$ById.findElement(By.java:188)
at org.openqa.selenium.remote.RemoteWebDriver.findElement(RemoteWebDriver.java:314)
at org.openqa.selenium.support.pagefactory.DefaultElementLocator.findElement(DefaultElementLocator.java:69)
at org.openqa.selenium.support.pagefactory.internal.LocatingElementHandler.invoke(LocatingElementHandler.java:38)
at com.sun.proxy.$Proxy10.sendKeys(Unknown Source)
at com.qa.amazon.pages.HomePage.mobilesearch(HomePage.java:45)
at com.qa.amazon.testcase.HomePageTest.mobileserach(HomePageTest.java:29)
at sun.reflect.NativeMethodAccessorImpl.invoke0(Native Method)
at sun.reflect.NativeMethodAccessorImpl.invoke(NativeMethodAccessorImpl.java:62)
at sun.reflect.DelegatingMethodAccessorImpl.invoke(DelegatingMethodAccessorImpl.java:43)
at java.lang.reflect.Method.invoke(Method.java:498)
at org.testng.internal.MethodInvocationHelper.invokeMethod(MethodInvocationHelper.java:124)
at org.testng.internal.Invoker.invokeMethod(Invoker.java:580)
at org.testng.internal.Invoker.invokeTestMethod(Invoker.java:716)
at org.testng.internal.Invoker.invokeTestMethods(Invoker.java:988)
at org.testng.internal.TestMethodWorker.invokeTestMethods(TestMethodWorker.java:125)
at org.testng.internal.TestMethodWorker.run(TestMethodWorker.java:109)
at org.testng.TestRunner.privateRun(TestRunner.java:648)
at org.testng.TestRunner.run(TestRunner.java:505)
at org.testng.SuiteRunner.runTest(SuiteRunner.java:455)
at org.testng.SuiteRunner.runSequentially(SuiteRunner.java:450)
at org.testng.SuiteRunner.privateRun(SuiteRunner.java:415)
at org.testng.SuiteRunner.run(SuiteRunner.java:364)
at org.testng.SuiteRunnerWorker.runSuite(SuiteRunnerWorker.java:52)
at org.testng.SuiteRunnerWorker.run(SuiteRunnerWorker.java:84)
at org.testng.TestNG.runSuitesSequentially(TestNG.java:1208)
at org.testng.TestNG.runSuitesLocally(TestNG.java:1137)
at org.testng.TestNG.runSuites(TestNG.java:1049)
at org.testng.TestNG.run(TestNG.java:1017)
at org.testng.remote.AbstractRemoteTestNG.run(AbstractRemoteTestNG.java:114)
at org.testng.remote.RemoteTestNG.initAndRun(RemoteTestNG.java:251)
at org.testng.remote.RemoteTestNG.main(RemoteTestNG.java:77)
]]>
            </full-stacktrace>
          </exception> <!-- org.openqa.selenium.NoSuchElementException -->
          <reporter-output>
          </reporter-output>
        </test-method> <!-- mobileserach -->
        <test-method status="PASS" signature="resultHandler(org.testng.ITestResult)[pri:0, instance:com.qa.amazon.testcase.HomePageTest@66a3ffec]" name="resultHandler" is-config="true" duration-ms="297" started-at="2020-04-30T03:43:00Z" finished-at="2020-04-30T03:43:00Z">
          <params>
            <param index="0">
              <value>
                <![CDATA[[TestResult name=mobileserach status=FAILURE method=HomePageTest.mobileserach()[pri:2, instance:com.qa.amazon.testcase.HomePageTest@66a3ffec] output={null}]]]>
              </value>
            </param>
          </params>
          <reporter-output>
          </reporter-output>
        </test-method> <!-- resultHandler -->
        <test-method status="FAIL" signature="verifyTitle()[pri:3, instance:com.qa.amazon.testcase.HomePageTest@66a3ffec]" name="verifyTitle" duration-ms="38" started-at="2020-04-30T03:43:00Z" finished-at="2020-04-30T03:43:00Z">
          <exception class="java.lang.AssertionError">
            <message>
              <![CDATA[The following asserts failed:
expected [Authentication required] but found [gjh]]]>
            </message>
            <full-stacktrace>
              <![CDATA[java.lang.AssertionError: The following asserts failed:
expected [Authentication required] but found [gjh]
at org.testng.asserts.SoftAssert.assertAll(SoftAssert.java:43)
at com.qa.amazon.testcase.HomePageTest.verifyTitle(HomePageTest.java:45)
at sun.reflect.NativeMethodAccessorImpl.invoke0(Native Method)
at sun.reflect.NativeMethodAccessorImpl.invoke(NativeMethodAccessorImpl.java:62)
at sun.reflect.DelegatingMethodAccessorImpl.invoke(DelegatingMethodAccessorImpl.java:43)
at java.lang.reflect.Method.invoke(Method.java:498)
at org.testng.internal.MethodInvocationHelper.invokeMethod(MethodInvocationHelper.java:124)
at org.testng.internal.Invoker.invokeMethod(Invoker.java:580)
at org.testng.internal.Invoker.invokeTestMethod(Invoker.java:716)
at org.testng.internal.Invoker.invokeTestMethods(Invoker.java:988)
at org.testng.internal.TestMethodWorker.invokeTestMethods(TestMethodWorker.java:125)
at org.testng.internal.TestMethodWorker.run(TestMethodWorker.java:109)
at org.testng.TestRunner.privateRun(TestRunner.java:648)
at org.testng.TestRunner.run(TestRunner.java:505)
at org.testng.SuiteRunner.runTest(SuiteRunner.java:455)
at org.testng.SuiteRunner.runSequentially(SuiteRunner.java:450)
at org.testng.SuiteRunner.privateRun(SuiteRunner.java:415)
at org.testng.SuiteRunner.run(SuiteRunner.java:364)
at org.testng.SuiteRunnerWorker.runSuite(SuiteRunnerWorker.java:52)
at org.testng.SuiteRunnerWorker.run(SuiteRunnerWorker.java:84)
at org.testng.TestNG.runSuitesSequentially(TestNG.java:1208)
at org.testng.TestNG.runSuitesLocally(TestNG.java:1137)
at org.testng.TestNG.runSuites(TestNG.java:1049)
at org.testng.TestNG.run(TestNG.java:1017)
at org.testng.remote.AbstractRemoteTestNG.run(AbstractRemoteTestNG.java:114)
at org.testng.remote.RemoteTestNG.initAndRun(RemoteTestNG.java:251)
at org.testng.remote.RemoteTestNG.main(RemoteTestNG.java:77)
]]>
            </full-stacktrace>
          </exception> <!-- java.lang.AssertionError -->
          <reporter-output>
          </reporter-output>
        </test-method> <!-- verifyTitle -->
        <test-method status="PASS" signature="resultHandler(org.testng.ITestResult)[pri:0, instance:com.qa.amazon.testcase.HomePageTest@66a3ffec]" name="resultHandler" is-config="true" duration-ms="350" started-at="2020-04-30T03:43:00Z" finished-at="2020-04-30T03:43:01Z">
          <params>
            <param index="0">
              <value>
                <![CDATA[[TestResult name=verifyTitle status=FAILURE method=HomePageTest.verifyTitle()[pri:3, instance:com.qa.amazon.testcase.HomePageTest@66a3ffec] output={null}]]]>
              </value>
            </param>
          </params>
          <reporter-output>
          </reporter-output>
        </test-method> <!-- resultHandler -->
        <test-method status="PASS" signature="getAccessory()[pri:5, instance:com.qa.amazon.testcase.HomePageTest@66a3ffec]" name="getAccessory" duration-ms="15" started-at="2020-04-30T03:43:01Z" finished-at="2020-04-30T03:43:01Z">
          <reporter-output>
          </reporter-output>
        </test-method> <!-- getAccessory -->
        <test-method status="PASS" signature="resultHandler(org.testng.ITestResult)[pri:0, instance:com.qa.amazon.testcase.HomePageTest@66a3ffec]" name="resultHandler" is-config="true" duration-ms="102" started-at="2020-04-30T03:43:01Z" finished-at="2020-04-30T03:43:01Z">
          <params>
            <param index="0">
              <value>
                <![CDATA[[TestResult name=getAccessory status=SUCCESS method=HomePageTest.getAccessory()[pri:5, instance:com.qa.amazon.testcase.HomePageTest@66a3ffec] output={null}]]]>
              </value>
            </param>
          </params>
          <reporter-output>
          </reporter-output>
        </test-method> <!-- resultHandler -->
      </class> <!-- com.qa.amazon.testcase.HomePageTest -->
    </test> <!-- Test -->
  </suite> <!-- Suite -->
</testng-results>
